Unable to find image 'quay.io/biocontainers/multiqc:1.27--pyhdfd78af_0' locally
1.27--pyhdfd78af_0: Pulling from biocontainers/multiqc
36b7914fc8ba: Pulling fs layer
2cc3d3b08aaa: Pulling fs layer
bd9ddc54bea9: Pulling fs layer
91652fed3523: Pulling fs layer
91652fed3523: Waiting
bd9ddc54bea9: Verifying Checksum
bd9ddc54bea9: Download complete
2cc3d3b08aaa: Verifying Checksum
2cc3d3b08aaa: Download complete
36b7914fc8ba: Verifying Checksum
36b7914fc8ba: Download complete
36b7914fc8ba: Pull complete
2cc3d3b08aaa: Pull complete
bd9ddc54bea9: Pull complete
91652fed3523: Verifying Checksum
91652fed3523: Download complete
91652fed3523: Pull complete
Digest: sha256:a024b23be16fa3f3919ef018741478a7a3bfaaed0222369dff59abaf28316149
Status: Downloaded newer image for quay.io/biocontainers/multiqc:1.27--pyhdfd78af_0

/// MultiQC 🔍 v1.27

            config | Loading config settings from: multiqc_config.yml
     version_check | MultiQC Version v1.28 now available!
       file_search | Search path: /home/antoine/Documents/ZDS/diverse/AmbassadorNextflow/presentations/2025/hackathon_nextflow_nfcore_march2025/day1/lncpipe/lncpipe/work/1a/be0f1434db08455b3aa7e10daf86b2

    custom_content | nf-core-lncpipe-methods-description: Found 1 sample (html)
    custom_content | nf-core-lncpipe-summary: Found 1 sample (html)
            fastqc | Found 6 reports
     write_results | Rendering plots. Export plots to formats png, svg, pdf is requested, so it might take a while. To disable plot export, set `export_plots: false` in config, or remove the `--export-plots` command line flag

     write_results | Data        : multiqc_data
     write_results | Report      : multiqc_report.html
     write_results | Plots       : multiqc_plots
           multiqc | MultiQC complete
